C:\USERS\15103\DESKTOP\相机标定\DEBUG\相机标定.EXE
C:\USERS\15103\DESKTOP\相机标定\DEBUG\相机标定.ILK
C:\USERS\15103\DESKTOP\相机标定\DEBUG\相机标定.PDB
C:\Users\15103\Desktop\相机标定\相机标定\Debug\cl.command.1.tlog
C:\Users\15103\Desktop\相机标定\相机标定\Debug\CL.read.1.tlog
C:\Users\15103\Desktop\相机标定\相机标定\Debug\CL.write.1.tlog
C:\Users\15103\Desktop\相机标定\相机标定\Debug\link.10392.read.1.tlog
C:\Users\15103\Desktop\相机标定\相机标定\Debug\link.10392.write.1.tlog
C:\Users\15103\Desktop\相机标定\相机标定\Debug\link.10392-cvtres.read.1.tlog
C:\Users\15103\Desktop\相机标定\相机标定\Debug\link.10392-cvtres.write.1.tlog
C:\Users\15103\Desktop\相机标定\相机标定\Debug\link.10952.read.1.tlog
C:\Users\15103\Desktop\相机标定\相机标定\Debug\link.10952.write.1.tlog
C:\Users\15103\Desktop\相机标定\相机标定\Debug\link.10952-cvtres.read.1.tlog
C:\Users\15103\Desktop\相机标定\相机标定\Debug\link.10952-cvtres.write.1.tlog
C:\Users\15103\Desktop\相机标定\相机标定\Debug\link.11508.read.1.tlog
C:\Users\15103\Desktop\相机标定\相机标定\Debug\link.11508.write.1.tlog
C:\Users\15103\Desktop\相机标定\相机标定\Debug\link.11508-cvtres.read.1.tlog
C:\Users\15103\Desktop\相机标定\相机标定\Debug\link.11508-cvtres.write.1.tlog
C:\Users\15103\Desktop\相机标定\相机标定\Debug\link.11788.read.1.tlog
C:\Users\15103\Desktop\相机标定\相机标定\Debug\link.11788.write.1.tlog
C:\Users\15103\Desktop\相机标定\相机标定\Debug\link.11788-cvtres.read.1.tlog
C:\Users\15103\Desktop\相机标定\相机标定\Debug\link.11788-cvtres.write.1.tlog
C:\Users\15103\Desktop\相机标定\相机标定\Debug\link.13080.read.1.tlog
C:\Users\15103\Desktop\相机标定\相机标定\Debug\link.13080.write.1.tlog
C:\Users\15103\Desktop\相机标定\相机标定\Debug\link.13080-cvtres.read.1.tlog
C:\Users\15103\Desktop\相机标定\相机标定\Debug\link.13080-cvtres.write.1.tlog
C:\Users\15103\Desktop\相机标定\相机标定\Debug\link.13984.read.1.tlog
C:\Users\15103\Desktop\相机标定\相机标定\Debug\link.13984.write.1.tlog
C:\Users\15103\Desktop\相机标定\相机标定\Debug\link.13984-cvtres.read.1.tlog
C:\Users\15103\Desktop\相机标定\相机标定\Debug\link.13984-cvtres.write.1.tlog
C:\Users\15103\Desktop\相机标定\相机标定\Debug\link.15612.read.1.tlog
C:\Users\15103\Desktop\相机标定\相机标定\Debug\link.15612.write.1.tlog
C:\Users\15103\Desktop\相机标定\相机标定\Debug\link.15612-cvtres.read.1.tlog
C:\Users\15103\Desktop\相机标定\相机标定\Debug\link.15612-cvtres.write.1.tlog
C:\Users\15103\Desktop\相机标定\相机标定\Debug\link.1980.read.1.tlog
C:\Users\15103\Desktop\相机标定\相机标定\Debug\link.1980.write.1.tlog
C:\Users\15103\Desktop\相机标定\相机标定\Debug\link.1980-cvtres.read.1.tlog
C:\Users\15103\Desktop\相机标定\相机标定\Debug\link.1980-cvtres.write.1.tlog
C:\Users\15103\Desktop\相机标定\相机标定\Debug\link.2916.read.1.tlog
C:\Users\15103\Desktop\相机标定\相机标定\Debug\link.2916.write.1.tlog
C:\Users\15103\Desktop\相机标定\相机标定\Debug\link.2916-cvtres.read.1.tlog
C:\Users\15103\Desktop\相机标定\相机标定\Debug\link.2916-cvtres.write.1.tlog
C:\Users\15103\Desktop\相机标定\相机标定\Debug\link.4460.read.1.tlog
C:\Users\15103\Desktop\相机标定\相机标定\Debug\link.4460.write.1.tlog
C:\Users\15103\Desktop\相机标定\相机标定\Debug\link.4460-cvtres.read.1.tlog
C:\Users\15103\Desktop\相机标定\相机标定\Debug\link.4460-cvtres.write.1.tlog
C:\Users\15103\Desktop\相机标定\相机标定\Debug\link.6448.read.1.tlog
C:\Users\15103\Desktop\相机标定\相机标定\Debug\link.6448.write.1.tlog
C:\Users\15103\Desktop\相机标定\相机标定\Debug\link.6448-cvtres.read.1.tlog
C:\Users\15103\Desktop\相机标定\相机标定\Debug\link.6448-cvtres.write.1.tlog
C:\Users\15103\Desktop\相机标定\相机标定\Debug\link.8020.read.1.tlog
C:\Users\15103\Desktop\相机标定\相机标定\Debug\link.8020.write.1.tlog
C:\Users\15103\Desktop\相机标定\相机标定\Debug\link.8020-cvtres.read.1.tlog
C:\Users\15103\Desktop\相机标定\相机标定\Debug\link.8020-cvtres.write.1.tlog
C:\Users\15103\Desktop\相机标定\相机标定\Debug\link.8432.read.1.tlog
C:\Users\15103\Desktop\相机标定\相机标定\Debug\link.8432.write.1.tlog
C:\Users\15103\Desktop\相机标定\相机标定\Debug\link.8432-cvtres.read.1.tlog
C:\Users\15103\Desktop\相机标定\相机标定\Debug\link.8432-cvtres.write.1.tlog
C:\Users\15103\Desktop\相机标定\相机标定\Debug\link.9552.read.1.tlog
C:\Users\15103\Desktop\相机标定\相机标定\Debug\link.9552.write.1.tlog
C:\Users\15103\Desktop\相机标定\相机标定\Debug\link.9552-cvtres.read.1.tlog
C:\Users\15103\Desktop\相机标定\相机标定\Debug\link.9552-cvtres.write.1.tlog
C:\Users\15103\Desktop\相机标定\相机标定\Debug\link.command.1.tlog
C:\Users\15103\Desktop\相机标定\相机标定\Debug\link.read.1.tlog
C:\Users\15103\Desktop\相机标定\相机标定\Debug\link.write.1.tlog
C:\Users\15103\Desktop\相机标定\相机标定\Debug\link-cvtres.read.1.tlog
C:\Users\15103\Desktop\相机标定\相机标定\Debug\link-cvtres.write.1.tlog
C:\Users\15103\Desktop\相机标定\相机标定\Debug\mt.command.1.tlog
C:\Users\15103\Desktop\相机标定\相机标定\Debug\mt.read.1.tlog
C:\Users\15103\Desktop\相机标定\相机标定\Debug\mt.write.1.tlog
C:\Users\15103\Desktop\相机标定\相机标定\Debug\rc.command.1.tlog
C:\Users\15103\Desktop\相机标定\相机标定\Debug\rc.read.1.tlog
C:\Users\15103\Desktop\相机标定\相机标定\Debug\rc.write.1.tlog
C:\USERS\15103\DESKTOP\相机标定\相机标定\DEBUG\STDAFX.OBJ
C:\Users\15103\Desktop\相机标定\相机标定\Debug\vc100.idb
C:\USERS\15103\DESKTOP\相机标定\相机标定\DEBUG\VC100.PDB
C:\USERS\15103\DESKTOP\相机标定\相机标定\DEBUG\相机标定.EXE.EMBED.MANIFEST
C:\USERS\15103\DESKTOP\相机标定\相机标定\DEBUG\相机标定.EXE.EMBED.MANIFEST.RES
C:\USERS\15103\DESKTOP\相机标定\相机标定\DEBUG\相机标定.EXE.INTERMEDIATE.MANIFEST
C:\USERS\15103\DESKTOP\相机标定\相机标定\DEBUG\相机标定.OBJ
C:\USERS\15103\DESKTOP\相机标定\相机标定\DEBUG\相机标定.PCH
C:\Users\15103\Desktop\相机标定\相机标定\Debug\相机标定.vcxprojResolveAssemblyReference.cache
C:\Users\15103\Desktop\相机标定\相机标定\Debug\相机标定.write.1.tlog
C:\Users\15103\Desktop\相机标定\相机标定\Debug\相机标定_manifest.rc
