生成启动时间为 2020/5/31 15:17:41。
     1>项目“D:\武汉大学教学课程\计算机视觉与模式识别\计算机视觉-张正友标定法\相机标定\相机标定\相机标定.vcxproj”在节点 2 上(build 个目标)。
     1>PrepareForBuild:
         正在创建目录“D:\武汉大学教学课程\计算机视觉与模式识别\计算机视觉-张正友标定法\相机标定\Debug\”。
       InitializeBuildStatus:
         正在创建“Debug\相机标定.unsuccessfulbuild”，因为已指定“AlwaysCreate”。
       ClCompile:
         d:\软件数据\VS2010数据\安装时数据\VC\bin\CL.exe /c /I..\include /ZI /nologo /W3 /WX- /Od /Oy- /D WIN32 /D _DEBUG /D _CONSOLE /D _UNICODE /D UNICODE /Gm /EHsc /RTC1 /MDd /GS /fp:precise /Zc:wchar_t /Zc:forScope /Yc"StdAfx.h" /Fp"Debug\相机标定.pch" /Fo"Debug\\" /Fd"Debug\vc100.pdb" /Gd /TP /analyze- /errorReport:prompt stdafx.cpp
         stdafx.cpp
         d:\软件数据\VS2010数据\安装时数据\VC\bin\CL.exe /c /I..\include /ZI /nologo /W3 /WX- /Od /Oy- /D WIN32 /D _DEBUG /D _CONSOLE /D _UNICODE /D UNICODE /Gm /EHsc /RTC1 /MDd /GS /fp:precise /Zc:wchar_t /Zc:forScope /Yu"StdAfx.h" /Fp"Debug\相机标定.pch" /Fo"Debug\\" /Fd"Debug\vc100.pdb" /Gd /TP /analyze- /errorReport:prompt "相机标定.cpp"
         相机标定.cpp
     1>d:\武汉大学教学课程\计算机视觉与模式识别\计算机视觉-张正友标定法\相机标定\相机标定\相机标定.cpp(44): warning C4996: 'sprintf': This function or variable may be unsafe. Consider using sprintf_s instead. To disable deprecation, use _CRT_SECURE_NO_WARNINGS. See online help for details.
                 d:\软件数据\vs2010数据\安装时数据\vc\include\stdio.h(371) : 参见“sprintf”的声明
     1>d:\武汉大学教学课程\计算机视觉与模式识别\计算机视觉-张正友标定法\相机标定\相机标定\相机标定.cpp(130): warning C4244: “=”: 从“int”转换到“float”，可能丢失数据
     1>d:\武汉大学教学课程\计算机视觉与模式识别\计算机视觉-张正友标定法\相机标定\相机标定\相机标定.cpp(131): warning C4244: “=”: 从“int”转换到“float”，可能丢失数据
     1>d:\武汉大学教学课程\计算机视觉与模式识别\计算机视觉-张正友标定法\相机标定\相机标定\相机标定.cpp(163): warning C4018: “<”: 有符号/无符号不匹配
     1>d:\武汉大学教学课程\计算机视觉与模式识别\计算机视觉-张正友标定法\相机标定\相机标定\相机标定.cpp(230): warning C4244: “=”: 从“int”转换到“float”，可能丢失数据
     1>d:\武汉大学教学课程\计算机视觉与模式识别\计算机视觉-张正友标定法\相机标定\相机标定\相机标定.cpp(231): warning C4244: “=”: 从“int”转换到“float”，可能丢失数据
     1>d:\武汉大学教学课程\计算机视觉与模式识别\计算机视觉-张正友标定法\相机标定\相机标定\相机标定.cpp(251): warning C4258: “i”: 忽略 For 循环中的定义；使用封闭范围中的定义
                 d:\武汉大学教学课程\计算机视觉与模式识别\计算机视觉-张正友标定法\相机标定\相机标定\相机标定.cpp(225) : 忽略“i”的定义
                 d:\武汉大学教学课程\计算机视觉与模式识别\计算机视觉-张正友标定法\相机标定\相机标定\相机标定.cpp(207) : 使用“i”的定义
     1>d:\武汉大学教学课程\计算机视觉与模式识别\计算机视觉-张正友标定法\相机标定\相机标定\相机标定.cpp(251): warning C4258: “i”: 忽略 For 循环中的定义；使用封闭范围中的定义
                 d:\武汉大学教学课程\计算机视觉与模式识别\计算机视觉-张正友标定法\相机标定\相机标定\相机标定.cpp(225) : 忽略“i”的定义
                 d:\武汉大学教学课程\计算机视觉与模式识别\计算机视觉-张正友标定法\相机标定\相机标定\相机标定.cpp(207) : 使用“i”的定义
     1>d:\武汉大学教学课程\计算机视觉与模式识别\计算机视觉-张正友标定法\相机标定\相机标定\相机标定.cpp(295): warning C4258: “i”: 忽略 For 循环中的定义；使用封闭范围中的定义
                 d:\武汉大学教学课程\计算机视觉与模式识别\计算机视觉-张正友标定法\相机标定\相机标定\相机标定.cpp(225) : 忽略“i”的定义
                 d:\武汉大学教学课程\计算机视觉与模式识别\计算机视觉-张正友标定法\相机标定\相机标定\相机标定.cpp(207) : 使用“i”的定义
     1>d:\武汉大学教学课程\计算机视觉与模式识别\计算机视觉-张正友标定法\相机标定\相机标定\相机标定.cpp(300): warning C4258: “i”: 忽略 For 循环中的定义；使用封闭范围中的定义
                 d:\武汉大学教学课程\计算机视觉与模式识别\计算机视觉-张正友标定法\相机标定\相机标定\相机标定.cpp(225) : 忽略“i”的定义
                 d:\武汉大学教学课程\计算机视觉与模式识别\计算机视觉-张正友标定法\相机标定\相机标定\相机标定.cpp(207) : 使用“i”的定义
     1>d:\武汉大学教学课程\计算机视觉与模式识别\计算机视觉-张正友标定法\相机标定\相机标定\相机标定.cpp(300): warning C4996: 'sprintf': This function or variable may be unsafe. Consider using sprintf_s instead. To disable deprecation, use _CRT_SECURE_NO_WARNINGS. See online help for details.
                 d:\软件数据\vs2010数据\安装时数据\vc\include\stdio.h(371) : 参见“sprintf”的声明
       ManifestResourceCompile:
         C:\Program Files (x86)\Microsoft SDKs\Windows\v7.0A\bin\rc.exe /nologo /fo"Debug\相机标定.exe.embed.manifest.res" "Debug\相机标定_manifest.rc" 
       Link:
         d:\软件数据\VS2010数据\安装时数据\VC\bin\link.exe /ERRORREPORT:PROMPT /OUT:"D:\武汉大学教学课程\计算机视觉与模式识别\计算机视觉-张正友标定法\相机标定\Debug\相机标定.exe" /INCREMENTAL /NOLOGO kernel32.lib user32.lib gdi32.lib winspool.lib comdlg32.lib advapi32.lib shell32.lib ole32.lib oleaut32.lib uuid.lib odbc32.lib odbccp32.lib /MANIFEST /ManifestFile:"Debug\相机标定.exe.intermediate.manifest" /MANIFESTUAC:"level='asInvoker' uiAccess='false'" /DEBUG /PDB:"D:\武汉大学教学课程\计算机视觉与模式识别\计算机视觉-张正友标定法\相机标定\Debug\相机标定.pdb" /SUBSYSTEM:CONSOLE /TLBID:1 /DYNAMICBASE /NXCOMPAT /IMPLIB:"D:\武汉大学教学课程\计算机视觉与模式识别\计算机视觉-张正友标定法\相机标定\Debug\相机标定.lib" /MACHINE:X86 "Debug\相机标定.exe.embed.manifest.res"
         Debug\stdafx.obj
         "Debug\相机标定.obj"
         opencv_calib3d249d.lib
         opencv_core249d.lib
         opencv_highgui249d.lib
         opencv_imgproc249d.lib
       Manifest:
         正在删除文件“Debug\相机标定.exe.embed.manifest”。
         C:\Program Files (x86)\Microsoft SDKs\Windows\v7.0A\bin\mt.exe /nologo /verbose /out:"Debug\相机标定.exe.embed.manifest" /manifest "Debug\相机标定.exe.intermediate.manifest"
         C:\Program Files (x86)\Microsoft SDKs\Windows\v7.0A\bin\rc.exe /nologo /fo"Debug\相机标定.exe.embed.manifest.res" "Debug\相机标定_manifest.rc" 
       LinkEmbedManifest:
         d:\软件数据\VS2010数据\安装时数据\VC\bin\link.exe /ERRORREPORT:PROMPT /OUT:"D:\武汉大学教学课程\计算机视觉与模式识别\计算机视觉-张正友标定法\相机标定\Debug\相机标定.exe" /INCREMENTAL /NOLOGO kernel32.lib user32.lib gdi32.lib winspool.lib comdlg32.lib advapi32.lib shell32.lib ole32.lib oleaut32.lib uuid.lib odbc32.lib odbccp32.lib /MANIFEST /ManifestFile:"Debug\相机标定.exe.intermediate.manifest" /MANIFESTUAC:"level='asInvoker' uiAccess='false'" /DEBUG /PDB:"D:\武汉大学教学课程\计算机视觉与模式识别\计算机视觉-张正友标定法\相机标定\Debug\相机标定.pdb" /SUBSYSTEM:CONSOLE /TLBID:1 /DYNAMICBASE /NXCOMPAT /IMPLIB:"D:\武汉大学教学课程\计算机视觉与模式识别\计算机视觉-张正友标定法\相机标定\Debug\相机标定.lib" /MACHINE:X86 "Debug\相机标定.exe.embed.manifest.res"
         Debug\stdafx.obj
         "Debug\相机标定.obj"
         opencv_calib3d249d.lib
         opencv_core249d.lib
         opencv_highgui249d.lib
         opencv_imgproc249d.lib
         相机标定.vcxproj -> D:\武汉大学教学课程\计算机视觉与模式识别\计算机视觉-张正友标定法\相机标定\Debug\相机标定.exe
       FinalizeBuildStatus:
         正在删除文件“Debug\相机标定.unsuccessfulbuild”。
         正在对“Debug\相机标定.lastbuildstate”执行 Touch 任务。
     1>已完成生成项目“D:\武汉大学教学课程\计算机视觉与模式识别\计算机视觉-张正友标定法\相机标定\相机标定\相机标定.vcxproj”(build 个目标)的操作。

生成成功。

已用时间 00:00:05.32
